<?xml version="1.0" encoding="UTF-8"?>
<!-- Generated by org.testng.reporters.JUnitXMLReporter -->
<testsuite hostname="LAPTOP-3N63EAKU" ignored="0" name="OpenCart Tests(failed)" tests="3" failures="0" timestamp="2021-10-28T20:50:14 CDT" time="64.688" errors="0">
  <testcase name="test_Logout" time="4.837" classname="testCases.TC_004_Logout"/>
  <testcase name="test_Login" time="3.66" classname="testCases.TC_002_Login"/>
  <testcase name="test_account_Registration" time="3.698" classname="testCases.TC_001_AccountRegistration"/>
</testsuite> <!-- OpenCart Tests(failed) -->
