<?xml version="1.0" encoding="UTF-8"?>
<!-- Generated by org.testng.reporters.JUnitXMLReporter -->
<testsuite hostname="LAPTOP-3N63EAKU" ignored="0" name="OpenCart Tests" tests="3" failures="0" timestamp="2021-10-28T21:35:09 CDT" time="47.651" errors="0">
  <testcase name="test_account_Registration" time="3.737" classname="testCases.TC_001_AccountRegistration"/>
  <testcase name="test_Login" time="3.292" classname="testCases.TC_002_Login"/>
  <testcase name="test_Logout" time="4.294" classname="testCases.TC_004_Logout"/>
</testsuite> <!-- OpenCart Tests -->
