<?xml version="1.0" encoding="UTF-8"?>
<!-- Generated by org.testng.reporters.JUnitXMLReporter -->
<testsuite hostname="LAPTOP-3N63EAKU" ignored="0" name="OpenCart Tests" tests="3" failures="0" timestamp="2021-10-28T19:02:56 CDT" time="64.611" errors="0">
  <testcase name="test_account_Registration" time="4.952" classname="testCases.TC_001_AccountRegistration"/>
  <testcase name="test_Login" time="3.27" classname="testCases.TC_002_Login"/>
  <testcase name="test_Logout" time="4.747" classname="testCases.TC_004_Logout"/>
</testsuite> <!-- OpenCart Tests -->
