<?xml version="1.0" encoding="UTF-8"?>
<testng-results skipped="0" failed="0" ignored="0" total="2" passed="2">
  <reporter-output>
  </reporter-output>
  <suite name="Opencart Suite" duration-ms="33460" started-at="2021-10-25T17:25:50 CDT" finished-at="2021-10-25T17:26:24 CDT">
    <groups>
      <group name="regression">
        <method signature="TC_001_AccountRegistration.test_account_Registration()[pri:0, instance:testCases.TC_001_AccountRegistration@543c6f6d]" name="test_account_Registration" class="testCases.TC_001_AccountRegistration"/>
      </group> <!-- regression -->
      <group name="sanity">
        <method signature="TC_002_Login.test_Login()[pri:0, instance:testCases.TC_002_Login@75881071]" name="test_Login" class="testCases.TC_002_Login"/>
      </group> <!-- sanity -->
      <group name="master">
        <method signature="TC_001_AccountRegistration.test_account_Registration()[pri:0, instance:testCases.TC_001_AccountRegistration@543c6f6d]" name="test_account_Registration" class="testCases.TC_001_AccountRegistration"/>
        <method signature="TC_002_Login.test_Login()[pri:0, instance:testCases.TC_002_Login@75881071]" name="test_Login" class="testCases.TC_002_Login"/>
      </group> <!-- master -->
    </groups>
    <test name="Opencart Tests" duration-ms="33460" started-at="2021-10-25T17:25:50 CDT" finished-at="2021-10-25T17:26:24 CDT">
      <class name="testCases.TC_002_Login">
        <test-method status="PASS" signature="setup(java.lang.String)[pri:0, instance:testCases.TC_002_Login@75881071]" name="setup" is-config="true" duration-ms="3601" started-at="2021-10-25T17:26:08 CDT" finished-at="2021-10-25T17:26:12 CDT">
          <params>
            <param index="0">
              <value>
                <![CDATA[chrome]]>
              </value>
            </param>
          </params>
          <reporter-output>
          </reporter-output>
        </test-method> <!-- setup -->
        <test-method status="PASS" signature="test_Login()[pri:0, instance:testCases.TC_002_Login@75881071]" name="test_Login" duration-ms="3664" started-at="2021-10-25T17:26:12 CDT" finished-at="2021-10-25T17:26:15 CDT">
          <reporter-output>
          </reporter-output>
        </test-method> <!-- test_Login -->
        <test-method status="PASS" signature="tearDown()[pri:0, instance:testCases.TC_002_Login@75881071]" name="tearDown" is-config="true" duration-ms="8182" started-at="2021-10-25T17:26:15 CDT" finished-at="2021-10-25T17:26:24 CDT">
          <reporter-output>
          </reporter-output>
        </test-method> <!-- tearDown -->
      </class> <!-- testCases.TC_002_Login -->
      <class name="testCases.TC_001_AccountRegistration">
        <test-method status="PASS" signature="setup(java.lang.String)[pri:0, instance:testCases.TC_001_AccountRegistration@543c6f6d]" name="setup" is-config="true" duration-ms="5050" started-at="2021-10-25T17:25:51 CDT" finished-at="2021-10-25T17:25:56 CDT">
          <params>
            <param index="0">
              <value>
                <![CDATA[chrome]]>
              </value>
            </param>
          </params>
          <reporter-output>
          </reporter-output>
        </test-method> <!-- setup -->
        <test-method status="PASS" signature="test_account_Registration()[pri:0, instance:testCases.TC_001_AccountRegistration@543c6f6d]" name="test_account_Registration" duration-ms="4153" started-at="2021-10-25T17:25:56 CDT" finished-at="2021-10-25T17:26:00 CDT">
          <reporter-output>
          </reporter-output>
        </test-method> <!-- test_account_Registration -->
        <test-method status="PASS" signature="tearDown()[pri:0, instance:testCases.TC_001_AccountRegistration@543c6f6d]" name="tearDown" is-config="true" duration-ms="8451" started-at="2021-10-25T17:26:00 CDT" finished-at="2021-10-25T17:26:08 CDT">
          <reporter-output>
          </reporter-output>
        </test-method> <!-- tearDown -->
      </class> <!-- testCases.TC_001_AccountRegistration -->
    </test> <!-- Opencart Tests -->
  </suite> <!-- Opencart Suite -->
</testng-results>
