<?xml version="1.0" encoding="UTF-8"?>
<testng-results skipped="0" failed="0" ignored="0" total="3" passed="3">
  <reporter-output>
  </reporter-output>
  <suite name="Failed suite [OpenCart Test Suite]" duration-ms="64688" started-at="2021-10-28T20:49:09 CDT" finished-at="2021-10-28T20:50:14 CDT">
    <groups>
      <group name="regression">
        <method signature="TC_001_AccountRegistration.test_account_Registration()[pri:0, instance:testCases.TC_001_AccountRegistration@51b279c9]" name="test_account_Registration" class="testCases.TC_001_AccountRegistration"/>
      </group> <!-- regression -->
      <group name="sanity">
        <method signature="TC_002_Login.test_Login()[pri:0, instance:testCases.TC_002_Login@133e16fd]" name="test_Login" class="testCases.TC_002_Login"/>
      </group> <!-- sanity -->
      <group name="master">
        <method signature="TC_001_AccountRegistration.test_account_Registration()[pri:0, instance:testCases.TC_001_AccountRegistration@51b279c9]" name="test_account_Registration" class="testCases.TC_001_AccountRegistration"/>
        <method signature="TC_002_Login.test_Login()[pri:0, instance:testCases.TC_002_Login@133e16fd]" name="test_Login" class="testCases.TC_002_Login"/>
      </group> <!-- master -->
    </groups>
    <test name="OpenCart Tests(failed)" duration-ms="64688" started-at="2021-10-28T20:49:09 CDT" finished-at="2021-10-28T20:50:14 CDT">
      <class name="testCases.TC_004_Logout">
        <test-method status="PASS" signature="setup(java.lang.String)[pri:0, instance:testCases.TC_004_Logout@5f71c76a]" name="setup" is-config="true" duration-ms="10375" started-at="2021-10-28T20:49:09 CDT" finished-at="2021-10-28T20:49:20 CDT">
          <params>
            <param index="0">
              <value>
                <![CDATA[chrome]]>
              </value>
            </param>
          </params>
          <reporter-output>
          </reporter-output>
        </test-method> <!-- setup -->
        <test-method status="PASS" signature="test_Logout()[pri:0, instance:testCases.TC_004_Logout@5f71c76a]" name="test_Logout" duration-ms="4837" started-at="2021-10-28T20:49:20 CDT" finished-at="2021-10-28T20:49:25 CDT">
          <reporter-output>
          </reporter-output>
        </test-method> <!-- test_Logout -->
        <test-method status="PASS" signature="tearDown()[pri:0, instance:testCases.TC_004_Logout@5f71c76a]" name="tearDown" is-config="true" duration-ms="10828" started-at="2021-10-28T20:49:25 CDT" finished-at="2021-10-28T20:49:35 CDT">
          <reporter-output>
          </reporter-output>
        </test-method> <!-- tearDown -->
      </class> <!-- testCases.TC_004_Logout -->
      <class name="testCases.TC_002_Login">
        <test-method status="PASS" signature="setup(java.lang.String)[pri:0, instance:testCases.TC_002_Login@133e16fd]" name="setup" is-config="true" duration-ms="6651" started-at="2021-10-28T20:49:36 CDT" finished-at="2021-10-28T20:49:42 CDT">
          <params>
            <param index="0">
              <value>
                <![CDATA[chrome]]>
              </value>
            </param>
          </params>
          <reporter-output>
          </reporter-output>
        </test-method> <!-- setup -->
        <test-method status="PASS" signature="test_Login()[pri:0, instance:testCases.TC_002_Login@133e16fd]" name="test_Login" duration-ms="3660" started-at="2021-10-28T20:49:42 CDT" finished-at="2021-10-28T20:49:46 CDT">
          <reporter-output>
          </reporter-output>
        </test-method> <!-- test_Login -->
        <test-method status="PASS" signature="tearDown()[pri:0, instance:testCases.TC_002_Login@133e16fd]" name="tearDown" is-config="true" duration-ms="8178" started-at="2021-10-28T20:49:46 CDT" finished-at="2021-10-28T20:49:54 CDT">
          <reporter-output>
          </reporter-output>
        </test-method> <!-- tearDown -->
      </class> <!-- testCases.TC_002_Login -->
      <class name="testCases.TC_001_AccountRegistration">
        <test-method status="PASS" signature="setup(java.lang.String)[pri:0, instance:testCases.TC_001_AccountRegistration@51b279c9]" name="setup" is-config="true" duration-ms="7683" started-at="2021-10-28T20:49:54 CDT" finished-at="2021-10-28T20:50:02 CDT">
          <params>
            <param index="0">
              <value>
                <![CDATA[chrome]]>
              </value>
            </param>
          </params>
          <reporter-output>
          </reporter-output>
        </test-method> <!-- setup -->
        <test-method status="PASS" signature="test_account_Registration()[pri:0, instance:testCases.TC_001_AccountRegistration@51b279c9]" name="test_account_Registration" duration-ms="3698" started-at="2021-10-28T20:50:02 CDT" finished-at="2021-10-28T20:50:05 CDT">
          <reporter-output>
          </reporter-output>
        </test-method> <!-- test_account_Registration -->
        <test-method status="PASS" signature="tearDown()[pri:0, instance:testCases.TC_001_AccountRegistration@51b279c9]" name="tearDown" is-config="true" duration-ms="8214" started-at="2021-10-28T20:50:05 CDT" finished-at="2021-10-28T20:50:14 CDT">
          <reporter-output>
          </reporter-output>
        </test-method> <!-- tearDown -->
      </class> <!-- testCases.TC_001_AccountRegistration -->
    </test> <!-- OpenCart Tests(failed) -->
  </suite> <!-- Failed suite [OpenCart Test Suite] -->
</testng-results>
